20.9847 	WARNING 	User requested fullscreen with size [1024  768], but screen is actually [1920, 1080]. Using actual size
21.7048 	EXP 	Created window1 = Window(allowGUI=True, allowStencil=False, autoLog=True, backendConf=UNKNOWN, backgroundFit=<method-wrapper '__getattribute__' of attributeSetter object at 0x00000241105D8C40>, backgroundImage=<method-wrapper '__getattribute__' of attributeSetter object at 0x00000241105D8BE0>, bitsMode=UNKNOWN, blendMode='avg', bpc=(8, 8, 8), color=array([0, 0, 0]), colorSpace='rgb', depthBits=8, fullscr=<method-wrapper '__getattribute__' of attributeSetter object at 0x00000241105D8A30>, gamma=None, gammaErrorPolicy='raise', lms=UNKNOWN, monitor=<psychopy.monitors.calibTools.Monitor object at 0x0000024110EA3070>, multiSample=False, name='window1', numSamples=2, pos=(0, 0), screen=0, size=array([1920, 1080]), stencilBits=0, stereo=False, title='PsychoPy', units='height', useFBO=True, useRetina=False, viewOri=0.0, viewPos=None, viewScale=None, waitBlanking=True, winType='pyglet')
21.7049 	EXP 	window1: mouseVisible = True
21.7049 	EXP 	window1: backgroundImage = ''
21.7049 	EXP 	window1: backgroundFit = 'none'
21.7071 	EXP 	window1: Attempting to measure frame rate of screen (0) ...
21.7071 	EXP 	window1: recordFrameIntervals = False
21.7739 	EXP 	window1: recordFrameIntervals = True
21.8504 	EXP 	Screen (0) actual frame rate measured at 144.12Hz
21.8505 	EXP 	window1: recordFrameIntervals = False
21.8505 	EXP 	window1: mouseVisible = False
25.0123 	EXP 	demo_PP_Emotiv: status = STARTED
25.0131 	EXP 	window1: mouseVisible = True
25.2552 	EXP 	Created text = TextStim(__class__=<class 'psychopy.visual.text.TextStim'>, alignHoriz=method-wrapper(...), alignText='center', alignVert=method-wrapper(...), anchorHoriz='center', anchorVert='center', antialias=True, autoDraw=False, autoLog=True, bold=False, color=array([1., 1., 1.]), colorSpace='rgb', contrast=1.0, depth=0.0, draggable=False, flipHoriz=False, flipVert=False, font='Open Sans', fontFiles=[], height=0.05, italic=False, languageStyle='LTR', name='text', opacity=1.0, ori=0.0, pos=array([0., 0.]), rgb=UNKNOWN, text='Click space to continue', units='height', win=Window(...), wrapWidth=1)
25.5707 	EXP 	Sound sound_1 set volume 1.000
0.0894 	EXP 	text: autoDraw = True
0.9194 	EXP 	Created sequence: random, trialTypes=1, nReps=30, seed=None
0.9197 	EXP 	New trial (rep=0, index=0): None
0.9248 	EXP 	text: autoDraw = False
2.7717 	EXP 	Sound sound_1 started
2.8305 	EXP 	Sound sound_1 reached end of file
2.8306 	EXP 	Sound sound_1 reached end of file
2.8313 	EXP 	New trial (rep=1, index=0): None
4.0911 	EXP 	Sound sound_1 started
4.1532 	EXP 	Sound sound_1 reached end of file
4.1533 	EXP 	Sound sound_1 reached end of file
4.1539 	EXP 	New trial (rep=2, index=0): None
5.6046 	EXP 	Sound sound_1 started
5.6678 	EXP 	Sound sound_1 reached end of file
5.6679 	EXP 	Sound sound_1 reached end of file
5.6685 	EXP 	New trial (rep=3, index=0): None
7.4583 	EXP 	Sound sound_1 started
7.5130 	EXP 	Sound sound_1 reached end of file
7.5131 	EXP 	Sound sound_1 reached end of file
7.5140 	EXP 	New trial (rep=4, index=0): None
8.5414 	EXP 	Sound sound_1 started
8.6012 	EXP 	Sound sound_1 reached end of file
8.6012 	EXP 	Sound sound_1 reached end of file
8.6018 	EXP 	New trial (rep=5, index=0): None
10.0341 	EXP 	Sound sound_1 started
10.0946 	EXP 	Sound sound_1 reached end of file
10.0946 	EXP 	Sound sound_1 reached end of file
10.0957 	EXP 	Sound sound_1 reached end of file
10.0957 	EXP 	Sound sound_1 reached end of file
10.0964 	EXP 	New trial (rep=6, index=0): None
11.1034 	EXP 	Sound sound_1 started
11.1612 	EXP 	Sound sound_1 reached end of file
11.1612 	EXP 	Sound sound_1 reached end of file
11.1619 	EXP 	New trial (rep=7, index=0): None
11.7358 	EXP 	demo_PP_Emotiv: status = STOPPED
11.7422 	EXP 	demo_PP_Emotiv: status = STOPPED
11.7588 	EXP 	window1: mouseVisible = True
